#
# A fatal error has been detected by the Java Runtime Environment:
#
#  EXCEPTION_ACCESS_VIOLATION (0xc0000005) at pc=0x1a97de7a, pid=2732, tid=1932
#
# JRE version: 7.0_11-b21
# Java VM: Java HotSpot(TM) Client VM (23.6-b04 mixed mode windows-x86 )
# Problematic frame:
# C  [OpenAL32.dll+0xde7a]  alProcessUpdatesSOFT+0x122f
#
# Failed to write core dump. Minidumps are not enabled by default on client versions of Windows
#
# If you would like to submit a bug report, please visit:
#   http://bugreport.sun.com/bugreport/crash.jsp
# The crash happened outside the Java Virtual Machine in native code.
# See problematic frame for where to report the bug.
#

---------------  T H R E A D  ---------------

Current thread (0x1769f400):  JavaThread "jME3 Audio Thread" daemon [_thread_in_native, id=1932, stack(0x17320000,0x17370000)]

siginfo: ExceptionCode=0xc0000005, reading address 0x1769b004

Registers:
EAX=0x1769b004, EBX=0x00000001, ECX=0x1baa0050, EDX=0x175dd970
ESP=0x1736f8a8, EBP=0x1736f8d8, ESI=0x1baa0050, EDI=0x1769af8c
EIP=0x1a97de7a, EFLAGS=0x00210206

Top of Stack: (sp=0x1736f8a8)
0x1736f8a8:   00000001 1baa0050 00000004 00000002
0x1736f8b8:   000000ff 16f00f68 003e7fd0 1a97e54a
0x1736f8c8:   00000004 0000ac44 0000001e 134ca150
0x1736f8d8:   1736f8ec 1a97ef0d 1769f400 134ca150
0x1736f8e8:   134ca150 1736f93c 1a215aa0 1baa0050
0x1736f8f8:   1769af8c 009aa6f7 1769f528 1736f944
0x1736f908:   1baa0050 00000000 1769af8c 00000000
0x1736f918:   16f00b7c 1736f91c 134ca150 1736f958 

Instructions: (pc=0x1a97de7a)
0x1a97de5a:   02 8b d9 2b cb 89 4d e0 81 fa 03 00 02 00 75 06
0x1a97de6a:   8b 40 04 89 45 f0 83 45 f8 02 8b 45 f8 8d 04 87
0x1a97de7a:   83 38 00 75 b3 8d 45 f4 50 68 7c e8 9a 1a 6a 00
0x1a97de8a:   e8 6a 4e 00 00 b8 40 1f 00 00 83 c4 0c 39 45 f4 


Register to memory mapping:

EAX=0x1769b004 is an unknown value
EBX=0x00000001 is an unknown value
ECX=0x1baa0050 is an unknown value
EDX=0x175dd970 is an unknown value
ESP=0x1736f8a8 is pointing into the stack for thread: 0x1769f400
EBP=0x1736f8d8 is pointing into the stack for thread: 0x1769f400
ESI=0x1baa0050 is an unknown value
EDI=0x1769af8c is an unknown value


Stack: [0x17320000,0x17370000],  sp=0x1736f8a8,  free space=318k
Native frames: (J=compiled Java code, j=interpreted, Vv=VM code, C=native code)
C  [OpenAL32.dll+0xde7a]  alProcessUpdatesSOFT+0x122f
C  [OpenAL32.dll+0xef0d]  alcCreateContext+0x45
C  [lwjgl.dll+0x5aa0]  Java_org_lwjgl_openal_AL11_initNativeStubs+0x470
j  org.lwjgl.openal.ALC10.alcCreateContext(Lorg/lwjgl/openal/ALCdevice;Ljava/nio/IntBuffer;)Lorg/lwjgl/openal/ALCcontext;+8
j  org.lwjgl.openal.AL.init(Ljava/lang/String;IIZZ)V+69
j  org.lwjgl.openal.AL.create(Ljava/lang/String;IIZZ)V+227
j  org.lwjgl.openal.AL.create(Ljava/lang/String;IIZ)V+5
j  org.lwjgl.openal.AL.create()V+6
j  com.jme3.audio.lwjgl.LwjglAudioRenderer.initInThread()V+6
j  com.jme3.audio.lwjgl.LwjglAudioRenderer.run()V+1
j  java.lang.Thread.run()V+11
v  ~StubRoutines::call_stub
V  [jvm.dll+0x12a3ba]
V  [jvm.dll+0x1d97de]
V  [jvm.dll+0x12a5a3]
V  [jvm.dll+0x12a607]
V  [jvm.dll+0xd315f]
V  [jvm.dll+0x14a6b7]
V  [jvm.dll+0x14a820]
V  [jvm.dll+0x17f009]
C  [msvcr100.dll+0x5c6de]  endthreadex+0x3a
C  [msvcr100.dll+0x5c788]  endthreadex+0xe4
C  [kernel32.dll+0xb729]  GetModuleFileNameA+0x1ba

Java frames: (J=compiled Java code, j=interpreted, Vv=VM code)
j  org.lwjgl.openal.ALC10.nalcCreateContext(JJ)J+0
j  org.lwjgl.openal.ALC10.alcCreateContext(Lorg/lwjgl/openal/ALCdevice;Ljava/nio/IntBuffer;)Lorg/lwjgl/openal/ALCcontext;+8
j  org.lwjgl.openal.AL.init(Ljava/lang/String;IIZZ)V+69
j  org.lwjgl.openal.AL.create(Ljava/lang/String;IIZZ)V+227
j  org.lwjgl.openal.AL.create(Ljava/lang/String;IIZ)V+5
j  org.lwjgl.openal.AL.create()V+6
j  com.jme3.audio.lwjgl.LwjglAudioRenderer.initInThread()V+6
j  com.jme3.audio.lwjgl.LwjglAudioRenderer.run()V+1
j  java.lang.Thread.run()V+11
v  ~StubRoutines::call_stub

---------------  P R O C E S S  ---------------

Java Threads: ( => current thread )
=>0x1769f400 JavaThread "jME3 Audio Thread" daemon [_thread_in_native, id=1932, stack(0x17320000,0x17370000)]
  0x003e9400 JavaThread "DestroyJavaVM" [_thread_blocked, id=5668, stack(0x00920000,0x00970000)]
  0x175c0c00 JavaThread "LWJGL Renderer Thread" [_thread_blocked, id=3504, stack(0x17a40000,0x17a90000)]
  0x17571000 JavaThread "D3D Screen Updater" daemon [_thread_blocked, id=1464, stack(0x17910000,0x17960000)]
  0x17414000 JavaThread "Image Fetcher 0" daemon [_thread_blocked, id=2448, stack(0x17790000,0x177e0000)]
  0x16f02000 JavaThread "AWT-Windows" daemon [_thread_in_native, id=1792, stack(0x171a0000,0x171f0000)]
  0x16eff400 JavaThread "Java2D Disposer" daemon [_thread_blocked, id=5348, stack(0x17100000,0x17150000)]
  0x16da3000 JavaThread "Service Thread" daemon [_thread_blocked, id=5648, stack(0x17060000,0x170b0000)]
  0x16d95000 JavaThread "C1 CompilerThread0" daemon [_thread_blocked, id=3828, stack(0x17010000,0x17060000)]
  0x16d93800 JavaThread "Attach Listener" daemon [_thread_blocked, id=5380, stack(0x16fc0000,0x17010000)]
  0x16d92000 JavaThread "Signal Dispatcher" daemon [_thread_blocked, id=3952, stack(0x16f70000,0x16fc0000)]
  0x02b07400 JavaThread "Finalizer" daemon [_thread_blocked, id=3932, stack(0x16d00000,0x16d50000)]
  0x02b02000 JavaThread "Reference Handler" daemon [_thread_blocked, id=748, stack(0x16cb0000,0x16d00000)]

Other Threads:
  0x02afc400 VMThread [stack: 0x16c60000,0x16cb0000] [id=2524]
  0x16dbec00 WatcherThread [stack: 0x170b0000,0x17100000] [id=2348]

VM state:not at safepoint (normal execution)

VM Mutex/Monitor currently owned by a thread: None

Heap
 def new generation   total 4928K, used 2587K [0x02b20000, 0x03070000, 0x08070000)
  eden space 4416K,  47% used [0x02b20000, 0x02d26f50, 0x02f70000)
  from space 512K, 100% used [0x02ff0000, 0x03070000, 0x03070000)
  to   space 512K,   0% used [0x02f70000, 0x02f70000, 0x02ff0000)
 tenured generation   total 10944K, used 3699K [0x08070000, 0x08b20000, 0x12b20000)
   the space 10944K,  33% used [0x08070000, 0x0840cf48, 0x0840d000, 0x08b20000)
 compacting perm gen  total 12288K, used 9907K [0x12b20000, 0x13720000, 0x16b20000)
   the space 12288K,  80% used [0x12b20000, 0x134ccc98, 0x134cce00, 0x13720000)
No shared spaces configured.

Card table byte_map: [0x16b20000,0x16bd0000] byte_map_base: 0x16b0a700

Polling page: 0x00970000

Code Cache  [0x009a0000, 0x00aa0000, 0x029a0000)
 total_blobs=532 nmethods=247 adapters=220 free_code_cache=31744Kb largest_free_block=32505920

Compilation events (10 events):
Event: 4.543 Thread 0x16d95000  239   !         java.util.zip.InflaterInputStream::read (138 bytes)
Event: 4.545 Thread 0x16d95000 nmethod 239 0x00a9d9c8 code [0x00a9db70, 0x00a9e3a8]
Event: 4.545 Thread 0x16d95000  240   !         java.util.zip.Inflater::inflate (74 bytes)
Event: 4.545 Thread 0x16d95000 nmethod 240 0x00a9ea88 code [0x00a9ebc0, 0x00a9ef18]
Event: 4.557 Thread 0x16d95000  242             java.lang.String::lastIndexOf (13 bytes)
Event: 4.557 Thread 0x16d95000 nmethod 242 0x00a9f448 code [0x00a9f550, 0x00a9f5ec]
Event: 4.623 Thread 0x16d95000  243   !         java.lang.ref.ReferenceQueue::poll (28 bytes)
Event: 4.624 Thread 0x16d95000 nmethod 243 0x00a9f688 code [0x00a9f790, 0x00a9f9ac]
Event: 4.643 Thread 0x16d95000  245             java.lang.String::indexOf (25 bytes)
Event: 4.643 Thread 0x16d95000 nmethod 245 0x00a9fd08 code [0x00a9fe10, 0x00a9fedc]

GC Heap History (6 events):
Event: 1.105 GC heap before
{Heap before GC invocations=0 (full 0):
 def new generation   total 4928K, used 3786K [0x02b20000, 0x03070000, 0x08070000)
  eden space 4416K,  85% used [0x02b20000, 0x02ed2a50, 0x02f70000)
  from space 512K,   0% used [0x02f70000, 0x02f70000, 0x02ff0000)
  to   space 512K,   0% used [0x02ff0000, 0x02ff0000, 0x03070000)
 tenured generation   total 10944K, used 0K [0x08070000, 0x08b20000, 0x12b20000)
   the space 10944K,   0% used [0x08070000, 0x08070000, 0x08070200, 0x08b20000)
 compacting perm gen  total 12288K, used 5415K [0x12b20000, 0x13720000, 0x16b20000)
   the space 12288K,  44% used [0x12b20000, 0x13069ce8, 0x13069e00, 0x13720000)
No shared spaces configured.
Event: 1.121 GC heap after
Heap after GC invocations=1 (full 0):
 def new generation   total 4928K, used 512K [0x02b20000, 0x03070000, 0x08070000)
  eden space 4416K,   0% used [0x02b20000, 0x02b20000, 0x02f70000)
  from space 512K, 100% used [0x02ff0000, 0x03070000, 0x03070000)
  to   space 512K,   0% used [0x02f70000, 0x02f70000, 0x02ff0000)
 tenured generation   total 10944K, used 1018K [0x08070000, 0x08b20000, 0x12b20000)
   the space 10944K,   9% used [0x08070000, 0x0816e928, 0x0816ea00, 0x08b20000)
 compacting perm gen  total 12288K, used 5415K [0x12b20000, 0x13720000, 0x16b20000)
   the space 12288K,  44% used [0x12b20000, 0x13069ce8, 0x13069e00, 0x13720000)
No shared spaces configured.
}
Event: 3.319 GC heap before
{Heap before GC invocations=1 (full 0):
 def new generation   total 4928K, used 4928K [0x02b20000, 0x03070000, 0x08070000)
  eden space 4416K, 100% used [0x02b20000, 0x02f70000, 0x02f70000)
  from space 512K, 100% used [0x02ff0000, 0x03070000, 0x03070000)
  to   space 512K,   0% used [0x02f70000, 0x02f70000, 0x02ff0000)
 tenured generation   total 10944K, used 1018K [0x08070000, 0x08b20000, 0x12b20000)
   the space 10944K,   9% used [0x08070000, 0x0816e928, 0x0816ea00, 0x08b20000)
 compacting perm gen  total 12288K, used 8300K [0x12b20000, 0x13720000, 0x16b20000)
   the space 12288K,  67% used [0x12b20000, 0x1333b338, 0x1333b400, 0x13720000)
No shared spaces configured.
Event: 3.340 GC heap after
Heap after GC invocations=2 (full 0):
 def new generation   total 4928K, used 512K [0x02b20000, 0x03070000, 0x08070000)
  eden space 4416K,   0% used [0x02b20000, 0x02b20000, 0x02f70000)
  from space 512K, 100% used [0x02f70000, 0x02ff0000, 0x02ff0000)
  to   space 512K,   0% used [0x02ff0000, 0x02ff0000, 0x03070000)
 tenured generation   total 10944K, used 2614K [0x08070000, 0x08b20000, 0x12b20000)
   the space 10944K,  23% used [0x08070000, 0x082fdaf0, 0x082fdc00, 0x08b20000)
 compacting perm gen  total 12288K, used 8300K [0x12b20000, 0x13720000, 0x16b20000)
   the space 12288K,  67% used [0x12b20000, 0x1333b338, 0x1333b400, 0x13720000)
No shared spaces configured.
}
Event: 4.344 GC heap before
{Heap before GC invocations=2 (full 0):
 def new generation   total 4928K, used 4920K [0x02b20000, 0x03070000, 0x08070000)
  eden space 4416K,  99% used [0x02b20000, 0x02f6e180, 0x02f70000)
  from space 512K, 100% used [0x02f70000, 0x02ff0000, 0x02ff0000)
  to   space 512K,   0% used [0x02ff0000, 0x02ff0000, 0x03070000)
 tenured generation   total 10944K, used 2614K [0x08070000, 0x08b20000, 0x12b20000)
   the space 10944K,  23% used [0x08070000, 0x082fdaf0, 0x082fdc00, 0x08b20000)
 compacting perm gen  total 12288K, used 9429K [0x12b20000, 0x13720000, 0x16b20000)
   the space 12288K,  76% used [0x12b20000, 0x13455518, 0x13455600, 0x13720000)
No shared spaces configured.
Event: 4.369 GC heap after
Heap after GC invocations=3 (full 0):
 def new generation   total 4928K, used 512K [0x02b20000, 0x03070000, 0x08070000)
  eden space 4416K,   0% used [0x02b20000, 0x02b20000, 0x02f70000)
  from space 512K, 100% used [0x02ff0000, 0x03070000, 0x03070000)
  to   space 512K,   0% used [0x02f70000, 0x02f70000, 0x02ff0000)
 tenured generation   total 10944K, used 3699K [0x08070000, 0x08b20000, 0x12b20000)
   the space 10944K,  33% used [0x08070000, 0x0840cf48, 0x0840d000, 0x08b20000)
 compacting perm gen  total 12288K, used 9429K [0x12b20000, 0x13720000, 0x16b20000)
   the space 12288K,  76% used [0x12b20000, 0x13455518, 0x13455600, 0x13720000)
No shared spaces configured.
}

Deoptimization events (0 events):
No events

Internal exceptions (10 events):
Event: 4.655 Thread 0x1769f400 Threw 0x02d084c0 at C:\jdk7u1_32P\jdk7u11\hotspot\src\share\vm\prims\jni.cpp:716
Event: 4.656 Thread 0x1769f400 Threw 0x02d08918 at C:\jdk7u1_32P\jdk7u11\hotspot\src\share\vm\prims\jni.cpp:716
Event: 4.658 Thread 0x1769f400 Threw 0x02d08d70 at C:\jdk7u1_32P\jdk7u11\hotspot\src\share\vm\prims\jni.cpp:716
Event: 4.658 Thread 0x1769f400 Threw 0x02d09268 at C:\jdk7u1_32P\jdk7u11\hotspot\src\share\vm\prims\jni.cpp:716
Event: 4.658 Thread 0x1769f400 Threw 0x02d09878 at C:\jdk7u1_32P\jdk7u11\hotspot\src\share\vm\prims\jni.cpp:716
Event: 4.670 Thread 0x1769f400 Threw 0x02d0a0e0 at C:\jdk7u1_32P\jdk7u11\hotspot\src\share\vm\prims\jvm.cpp:1166
Event: 4.674 Thread 0x1769f400 Threw 0x02d0f700 at C:\jdk7u1_32P\jdk7u11\hotspot\src\share\vm\prims\jvm.cpp:1166
Event: 4.749 Thread 0x1769f400 Threw 0x02d197d8 at C:\jdk7u1_32P\jdk7u11\hotspot\src\share\vm\prims\jvm.cpp:1166
Event: 4.751 Thread 0x1769f400 Threw 0x02d1e860 at C:\jdk7u1_32P\jdk7u11\hotspot\src\share\vm\prims\jvm.cpp:1166
Event: 4.752 Thread 0x1769f400 Threw 0x02d21a40 at C:\jdk7u1_32P\jdk7u11\hotspot\src\share\vm\prims\jvm.cpp:1166

Events (10 events):
Event: 4.670 loading class 0x1767c7e0
Event: 4.670 loading class 0x1767c7e0 done
Event: 4.674 loading class 0x17651320
Event: 4.674 loading class 0x17651320 done
Event: 4.749 loading class 0x17693ab0
Event: 4.749 loading class 0x17693ab0 done
Event: 4.751 loading class 0x17698b40
Event: 4.751 loading class 0x17698b40 done
Event: 4.752 loading class 0x17693ae0
Event: 4.752 loading class 0x17693ae0 done


Dynamic libraries:
0x00400000 - 0x0042f000 	C:\Program Files\jmonkeyplatform\jdk\jre\bin\java.exe
0x7c900000 - 0x7c9b2000 	C:\WINDOWS\system32\ntdll.dll
0x7c800000 - 0x7c8f6000 	C:\WINDOWS\system32\kernel32.dll
0x77dd0000 - 0x77e6b000 	C:\WINDOWS\system32\ADVAPI32.dll
0x77e70000 - 0x77f03000 	C:\WINDOWS\system32\RPCRT4.dll
0x77fe0000 - 0x77ff1000 	C:\WINDOWS\system32\Secur32.dll
0x7e410000 - 0x7e4a1000 	C:\WINDOWS\system32\USER32.dll
0x77f10000 - 0x77f59000 	C:\WINDOWS\system32\GDI32.dll
0x773d0000 - 0x774d3000 	C:\WINDOWS\WinSxS\x86_Microsoft.Windows.Common-Controls_6595b64144ccf1df_6.0.2600.6028_x-ww_61e65202\COMCTL32.dll
0x77c10000 - 0x77c68000 	C:\WINDOWS\system32\msvcrt.dll
0x77f60000 - 0x77fd6000 	C:\WINDOWS\system32\SHLWAPI.dll
0x76390000 - 0x763ad000 	C:\WINDOWS\system32\IMM32.DLL
0x629c0000 - 0x629c9000 	C:\WINDOWS\system32\LPK.DLL
0x74d90000 - 0x74dfb000 	C:\WINDOWS\system32\USP10.dll
0x78aa0000 - 0x78b5e000 	C:\Program Files\jmonkeyplatform\jdk\jre\bin\msvcr100.dll
0x6e8d0000 - 0x6ec1c000 	C:\Program Files\jmonkeyplatform\jdk\jre\bin\client\jvm.dll
0x71ad0000 - 0x71ad9000 	C:\WINDOWS\system32\WSOCK32.dll
0x71ab0000 - 0x71ac7000 	C:\WINDOWS\system32\WS2_32.dll
0x71aa0000 - 0x71aa8000 	C:\WINDOWS\system32\WS2HELP.dll
0x76b40000 - 0x76b6d000 	C:\WINDOWS\system32\WINMM.dll
0x76bf0000 - 0x76bfb000 	C:\WINDOWS\system32\PSAPI.DLL
0x6e820000 - 0x6e82c000 	C:\Program Files\jmonkeyplatform\jdk\jre\bin\verify.dll
0x6d5a0000 - 0x6d5c0000 	C:\Program Files\jmonkeyplatform\jdk\jre\bin\java.dll
0x6e8b0000 - 0x6e8c3000 	C:\Program Files\jmonkeyplatform\jdk\jre\bin\zip.dll
0x6d110000 - 0x6d252000 	C:\Program Files\jmonkeyplatform\jdk\jre\bin\awt.dll
0x77120000 - 0x771ab000 	C:\WINDOWS\system32\OLEAUT32.dll
0x774e0000 - 0x7761e000 	C:\WINDOWS\system32\ole32.dll
0x5ad70000 - 0x5ada8000 	C:\WINDOWS\system32\uxtheme.dll
0x17240000 - 0x17274000 	C:\Program Files\Ray Adams\ATI Tray Tools\raphook.dll
0x7c9c0000 - 0x7d1d8000 	C:\WINDOWS\system32\SHELL32.dll
0x78520000 - 0x785c3000 	C:\WINDOWS\WinSxS\x86_Microsoft.VC90.CRT_1fc8b3b9a1e18e3b_9.0.30729.7523_x-ww_62205c0c\MSVCR90.dll
0x74720000 - 0x7476c000 	C:\WINDOWS\system32\MSCTF.dll
0x755c0000 - 0x755ee000 	C:\WINDOWS\system32\msctfime.ime
0x76fd0000 - 0x7704f000 	C:\WINDOWS\system32\CLBCATQ.DLL
0x77050000 - 0x77115000 	C:\WINDOWS\system32\COMRes.dll
0x77c00000 - 0x77c08000 	C:\WINDOWS\system32\VERSION.dll
0x4fdd0000 - 0x4ff76000 	C:\WINDOWS\system32\d3d9.dll
0x6d990000 - 0x6d996000 	C:\WINDOWS\system32\d3d8thk.dll
0x6d390000 - 0x6d3ba000 	C:\Program Files\jmonkeyplatform\jdk\jre\bin\fontmanager.dll
0x6e5c0000 - 0x6e5d4000 	C:\Program Files\jmonkeyplatform\jdk\jre\bin\net.dll
0x6e5e0000 - 0x6e5ef000 	C:\Program Files\jmonkeyplatform\jdk\jre\bin\nio.dll
0x177e0000 - 0x177f3000 	C:\WINDOWS\system32\btmmhook.dll
0x6e7c0000 - 0x6e7f1000 	C:\Program Files\jmonkeyplatform\jdk\jre\bin\t2k.dll
0x1a210000 - 0x1a25c000 	C:\Documents and Settings\Admin\My Documents\Projekty\Projekty JMonkey\JMonkeyTest\lwjgl.dll
0x5ed00000 - 0x5edcc000 	C:\WINDOWS\system32\OPENGL32.dll
0x68b20000 - 0x68b40000 	C:\WINDOWS\system32\GLU32.dll
0x73760000 - 0x737ab000 	C:\WINDOWS\system32\DDRAW.dll
0x73bc0000 - 0x73bc6000 	C:\WINDOWS\system32\DCIMAN32.dll
0x69030000 - 0x69bcd000 	C:\WINDOWS\system32\atioglxx.dll
0x1a890000 - 0x1a8af000 	C:\WINDOWS\system32\atiadlxx.dll
0x77920000 - 0x77a13000 	C:\WINDOWS\system32\SETUPAPI.dll
0x78130000 - 0x781cb000 	C:\WINDOWS\WinSxS\x86_Microsoft.VC80.CRT_1fc8b3b9a1e18e3b_8.0.50727.6229_x-ww_449d3952\MSVCR80.dll
0x73b30000 - 0x73b45000 	C:\WINDOWS\system32\mscms.dll
0x73000000 - 0x73026000 	C:\WINDOWS\system32\WINSPOOL.DRV
0x66e90000 - 0x66ed1000 	C:\WINDOWS\system32\icm32.dll
0x1a970000 - 0x1a9d5000 	C:\Documents and Settings\Admin\My Documents\Projekty\Projekty JMonkey\JMonkeyTest\OpenAL32.dll
0x73f10000 - 0x73f6c000 	C:\WINDOWS\system32\dsound.dll
0x76c30000 - 0x76c5e000 	C:\WINDOWS\system32\WINTRUST.dll
0x77a80000 - 0x77b17000 	C:\WINDOWS\system32\CRYPT32.dll
0x77b20000 - 0x77b32000 	C:\WINDOWS\system32\MSASN1.dll
0x76c90000 - 0x76cb9000 	C:\WINDOWS\system32\IMAGEHLP.dll
0x72d20000 - 0x72d29000 	C:\WINDOWS\system32\wdmaud.drv
0x72d10000 - 0x72d18000 	C:\WINDOWS\system32\msacm32.drv
0x77be0000 - 0x77bf5000 	C:\WINDOWS\system32\MSACM32.dll
0x77bd0000 - 0x77bd7000 	C:\WINDOWS\system32\midimap.dll
0x73ee0000 - 0x73ee4000 	C:\WINDOWS\system32\KsUser.dll
0x59a60000 - 0x59b01000 	C:\WINDOWS\system32\dbghelp.dll

VM Arguments:
jvm_args: -Dfile.encoding=UTF-8 
java_command: spaceShootout.Main
Launcher Type: SUN_STANDARD

Environment Variables:
PATH=C:\WINDOWS\system32;C:\WINDOWS;C:\WINDOWS\System32\Wbem;C:\Program Files\ATI Technologies\ATI.ACE\Core-Static;C:\Program Files\Git\cmd;c:\MoSync\bin;C:\Program Files\SDCC\bin
USERNAME=Admin
OS=Windows_NT
PROCESSOR_IDENTIFIER=x86 Family 6 Model 13 Stepping 8, GenuineIntel



---------------  S Y S T E M  ---------------

OS: Windows XP Build 2600 Service Pack 3

CPU:total 1 (1 cores per cpu, 1 threads per core) family 6 model 13 stepping 8, cmov, cx8, fxsr, mmx, sse, sse2, tsc

Memory: 4k page, physical 2095536k(200424k free), swap 4033972k(2266256k free)

vm_info: Java HotSpot(TM) Client VM (23.6-b04) for windows-x86 JRE (1.7.0_11-b21), built on Jan 12 2013 02:19:22 by "java_re" with unknown MS VC++:1600

time: Mon Sep 08 01:17:21 2014
elapsed time: 4 seconds

